<?xml version="1.0" encoding="UTF-8"?>
<testsuite name="jflex.UnicodePropertiesTest" time="0.368" tests="20" errors="0" skipped="0" failures="0">
  <properties>
    <property name="java.runtime.name" value="OpenJDK Runtime Environment"/>
    <property name="java.vm.version" value="17.0.13+11-Ubuntu-2ubuntu122.04"/>
    <property name="sun.boot.library.path" value="/usr/lib/jvm/java-17-openjdk-amd64/lib"/>
    <property name="maven.multiModuleProjectDirectory" value="/mnt/c/Users/Legion/Documents/GitHub/Compil-Projet/archive/archive/java/jflex"/>
    <property name="java.vm.vendor" value="Ubuntu"/>
    <property name="java.vendor.url" value="https://ubuntu.com/"/>
    <property name="guice.disable.misplaced.annotation.check" value="true"/>
    <property name="path.separator" value=":"/>
    <property name="java.vm.name" value="OpenJDK 64-Bit Server VM"/>
    <property name="sun.java.launcher" value="SUN_STANDARD"/>
    <property name="java.vm.specification.name" value="Java Virtual Machine Specification"/>
    <property name="user.dir" value="/mnt/c/Users/Legion/Documents/GitHub/Compil-Projet/archive/archive/java/jflex"/>
    <property name="java.vm.compressedOopsMode" value="32-bit"/>
    <property name="java.runtime.version" value="17.0.13+11-Ubuntu-2ubuntu122.04"/>
    <property name="os.arch" value="amd64"/>
    <property name="java.io.tmpdir" value="/tmp"/>
    <property name="line.separator" value="&#10;"/>
    <property name="java.vm.specification.vendor" value="Oracle Corporation"/>
    <property name="os.name" value="Linux"/>
    <property name="classworlds.conf" value="/mnt/c/Users/Legion/apache-maven-3.9.9/bin/m2.conf"/>
    <property name="sun.jnu.encoding" value="UTF-8"/>
    <property name="java.library.path" value="/usr/java/packages/lib:/usr/lib/x86_64-linux-gnu/jni:/lib/x86_64-linux-gnu:/usr/lib/x86_64-linux-gnu:/usr/lib/jni:/lib:/usr/lib"/>
    <property name="maven.conf" value="/mnt/c/Users/Legion/apache-maven-3.9.9/conf"/>
    <property name="jdk.debug" value="release"/>
    <property name="java.class.version" value="61.0"/>
    <property name="java.specification.name" value="Java Platform API Specification"/>
    <property name="sun.management.compiler" value="HotSpot 64-Bit Tiered Compilers"/>
    <property name="os.version" value="5.15.167.4-microsoft-standard-WSL2"/>
    <property name="library.jansi.path" value="/mnt/c/Users/Legion/apache-maven-3.9.9/lib/jansi-native"/>
    <property name="user.home" value="/home/nguyenhu"/>
    <property name="user.timezone" value="Europe/Berlin"/>
    <property name="file.encoding" value="UTF-8"/>
    <property name="java.specification.version" value="17"/>
    <property name="user.name" value="nguyenhu"/>
    <property name="java.class.path" value="/mnt/c/Users/Legion/apache-maven-3.9.9/boot/plexus-classworlds-2.8.0.jar"/>
    <property name="java.vm.specification.version" value="17"/>
    <property name="sun.arch.data.model" value="64"/>
    <property name="sun.java.command" value="org.codehaus.plexus.classworlds.launcher.Launcher clean install"/>
    <property name="java.home" value="/usr/lib/jvm/java-17-openjdk-amd64"/>
    <property name="user.language" value="en"/>
    <property name="java.specification.vendor" value="Oracle Corporation"/>
    <property name="java.vm.info" value="mixed mode, sharing"/>
    <property name="java.version" value="17.0.13"/>
    <property name="native.encoding" value="UTF-8"/>
    <property name="java.vendor" value="Ubuntu"/>
    <property name="sun.stderr.encoding" value="UTF-8"/>
    <property name="java.specification.maintenance.version" value="1"/>
    <property name="maven.home" value="/mnt/c/Users/Legion/apache-maven-3.9.9"/>
    <property name="file.separator" value="/"/>
    <property name="java.version.date" value="2024-10-15"/>
    <property name="java.vendor.url.bug" value="https://bugs.launchpad.net/ubuntu/+source/openjdk-17"/>
    <property name="sun.io.unicode.encoding" value="UnicodeLittle"/>
    <property name="sun.cpu.endian" value="little"/>
    <property name="sun.stdout.encoding" value="UTF-8"/>
  </properties>
  <testcase name="testUnsupportedVersion" classname="jflex.UnicodePropertiesTest" time="0"/>
  <testcase name="testSupportedVersions" classname="jflex.UnicodePropertiesTest" time="0.232"/>
  <testcase name="testDefaultVersionAliases" classname="jflex.UnicodePropertiesTest" time="0.028"/>
  <testcase name="testSingleLetterProperties_5_0" classname="jflex.UnicodePropertiesTest" time="0.007"/>
  <testcase name="testSingleLetterProperties_5_1" classname="jflex.UnicodePropertiesTest" time="0.007"/>
  <testcase name="testSingleLetterProperties_5_2" classname="jflex.UnicodePropertiesTest" time="0.011"/>
  <testcase name="testSingleLetterProperties_6_0" classname="jflex.UnicodePropertiesTest" time="0.009"/>
  <testcase name="testDefaultVersion" classname="jflex.UnicodePropertiesTest" time="0.012"/>
  <testcase name="testCaselessMatches_1_1" classname="jflex.UnicodePropertiesTest" time="0.001"/>
  <testcase name="testCaselessMatches_2_0" classname="jflex.UnicodePropertiesTest" time="0.001"/>
  <testcase name="testCaselessMatches_2_1" classname="jflex.UnicodePropertiesTest" time="0.002"/>
  <testcase name="testCaselessMatches_3_0" classname="jflex.UnicodePropertiesTest" time="0.004"/>
  <testcase name="testCaselessMatches_3_1" classname="jflex.UnicodePropertiesTest" time="0.006"/>
  <testcase name="testCaselessMatches_3_2" classname="jflex.UnicodePropertiesTest" time="0.004"/>
  <testcase name="testCaselessMatches_4_0" classname="jflex.UnicodePropertiesTest" time="0.006"/>
  <testcase name="testCaselessMatches_4_1" classname="jflex.UnicodePropertiesTest" time="0.005"/>
  <testcase name="testCaselessMatches_5_0" classname="jflex.UnicodePropertiesTest" time="0.009"/>
  <testcase name="testCaselessMatches_5_1" classname="jflex.UnicodePropertiesTest" time="0.007"/>
  <testcase name="testCaselessMatches_5_2" classname="jflex.UnicodePropertiesTest" time="0.009"/>
  <testcase name="testCaselessMatches_6_0" classname="jflex.UnicodePropertiesTest" time="0.008"/>
</testsuite>